<?xml version="1.0" encoding="UTF-8" ?>
<testsuite tests="26" failures="0" name="com.mycompany.bookrental.BookManagerImplTest" time="3.329" errors="0" skipped="0">
  <properties>
    <property name="java.runtime.name" value="Java(TM) SE Runtime Environment"/>
    <property name="sun.boot.library.path" value="C:\Program Files\Java\jdk1.8.0_141\jre\bin"/>
    <property name="java.vm.version" value="25.141-b15"/>
    <property name="java.vm.vendor" value="Oracle Corporation"/>
    <property name="java.vendor.url" value="http://java.oracle.com/"/>
    <property name="path.separator" value=";"/>
    <property name="guice.disable.misplaced.annotation.check" value="true"/>
    <property name="java.vm.name" value="Java HotSpot(TM) 64-Bit Server VM"/>
    <property name="file.encoding.pkg" value="sun.io"/>
    <property name="user.script" value=""/>
    <property name="user.country" value="SK"/>
    <property name="sun.java.launcher" value="SUN_STANDARD"/>
    <property name="sun.os.patch.level" value=""/>
    <property name="java.vm.specification.name" value="Java Virtual Machine Specification"/>
    <property name="user.dir" value="E:\Programovanie\PV168-Book_Rental_Service\BookRental\BookRental"/>
    <property name="java.runtime.version" value="1.8.0_141-b15"/>
    <property name="java.awt.graphicsenv" value="sun.awt.Win32GraphicsEnvironment"/>
    <property name="java.endorsed.dirs" value="C:\Program Files\Java\jdk1.8.0_141\jre\lib\endorsed"/>
    <property name="os.arch" value="amd64"/>
    <property name="java.io.tmpdir" value="C:\Users\roman\AppData\Local\Temp\"/>
    <property name="line.separator" value="
"/>
    <property name="java.vm.specification.vendor" value="Oracle Corporation"/>
    <property name="user.variant" value=""/>
    <property name="os.name" value="Windows 10"/>
    <property name="maven.ext.class.path" value="C:\Program Files\NetBeans 8.2\java\maven-nblib\netbeans-eventspy.jar"/>
    <property name="classworlds.conf" value="C:\Program Files\NetBeans 8.2\java\maven\bin\m2.conf"/>
    <property name="sun.jnu.encoding" value="Cp1250"/>
    <property name="java.library.path" value="C:\Program Files\Java\jdk1.8.0_141\bin;C:\WINDOWS\Sun\Java\bin;C:\WINDOWS\system32;C:\WINDOWS;C:\Program Files\Haskell\bin;C:\Program Files\Haskell Platform\8.2.1\lib\extralibs\bin;C:\Program Files\Haskell Platform\8.2.1\bin;C:\ProgramData\Oracle\Java\javapath;C:\Program Files (x86)\Intel\iCLS Client\;C:\Program Files\Intel\iCLS Client\;C:\Windows\system32;C:\Windows;C:\Windows\System32\Wbem;C:\Windows\System32\WindowsPowerShell\v1.0\;C:\Program Files (x86)\Intel\Intel(R) Management Engine Components\DAL;C:\Program Files\Intel\Intel(R) Management Engine Components\DAL;C:\Program Files (x86)\Intel\Intel(R) Management Engine Components\IPT;C:\Program Files\Intel\Intel(R) Management Engine Components\IPT;C:\Program Files (x86)\NVIDIA Corporation\PhysX\Common;C:\WINDOWS\system32;C:\WINDOWS;C:\WINDOWS\System32\Wbem;C:\WINDOWS\System32\WindowsPowerShell\v1.0\;C:\WINDOWS\system32\config\systemprofile\.dnx\bin;C:\Program Files\Microsoft DNX\Dnvm\;C:\Program Files\Microsoft SQL Server\130\Tools\Binn\;E:\Programy\Git\cmd;E:\Programy\PuTTY\;E:\Programy\CMake\bin;C:\Program Files (x86)\Skype\Phone\;C:\Program Files (x86)\Calibre2\;C:\Program Files\OpenVPN\bin;C:\Program Files\maven\bin;C:\Program Files\Haskell Platform\8.2.1\mingw\bin;C:\Program Files (x86)\GtkSharp\2.12\bin;C:\Program Files\Common Files\Autodesk Shared\;C:\Program Files (x86)\Autodesk\Backburner\;E:\Programy\XAMPP\php;C:\ProgramData\ComposerSetup\bin;C:\Users\roman\AppData\Roaming\cabal\bin;C:\Users\roman\AppData\Roaming\local\bin;E:\Programy\Python 3\Scripts\;E:\Programy\Python 3\;C:\Users\roman\AppData\Local\Microsoft\WindowsApps;C:\Program Files\CMake\bin;E:\Programy\Dr. Memory\bin\;C:\Users\roman\AppData\Roaming\Composer\vendor\bin;."/>
    <property name="java.specification.name" value="Java Platform API Specification"/>
    <property name="java.class.version" value="52.0"/>
    <property name="sun.management.compiler" value="HotSpot 64-Bit Tiered Compilers"/>
    <property name="os.version" value="10.0"/>
    <property name="user.home" value="C:\Users\roman"/>
    <property name="user.timezone" value="Europe/Prague"/>
    <property name="java.awt.printerjob" value="sun.awt.windows.WPrinterJob"/>
    <property name="java.specification.version" value="1.8"/>
    <property name="file.encoding" value="UTF-8"/>
    <property name="user.name" value="roman"/>
    <property name="java.class.path" value="C:\Program Files\NetBeans 8.2\java\maven\boot\plexus-classworlds-2.4.jar"/>
    <property name="java.vm.specification.version" value="1.8"/>
    <property name="sun.arch.data.model" value="64"/>
    <property name="java.home" value="C:\Program Files\Java\jdk1.8.0_141\jre"/>
    <property name="sun.java.command" value="org.codehaus.plexus.classworlds.launcher.Launcher -Dmaven.ext.class.path=C:\Program Files\NetBeans 8.2\java\maven-nblib\netbeans-eventspy.jar -Dfile.encoding=UTF-8 clean install"/>
    <property name="java.specification.vendor" value="Oracle Corporation"/>
    <property name="user.language" value="sk"/>
    <property name="awt.toolkit" value="sun.awt.windows.WToolkit"/>
    <property name="java.vm.info" value="mixed mode"/>
    <property name="java.version" value="1.8.0_141"/>
    <property name="java.ext.dirs" value="C:\Program Files\Java\jdk1.8.0_141\jre\lib\ext;C:\WINDOWS\Sun\Java\lib\ext"/>
    <property name="sun.boot.class.path" value="C:\Program Files\Java\jdk1.8.0_141\jre\lib\resources.jar;C:\Program Files\Java\jdk1.8.0_141\jre\lib\rt.jar;C:\Program Files\Java\jdk1.8.0_141\jre\lib\sunrsasign.jar;C:\Program Files\Java\jdk1.8.0_141\jre\lib\jsse.jar;C:\Program Files\Java\jdk1.8.0_141\jre\lib\jce.jar;C:\Program Files\Java\jdk1.8.0_141\jre\lib\charsets.jar;C:\Program Files\Java\jdk1.8.0_141\jre\lib\jfr.jar;C:\Program Files\Java\jdk1.8.0_141\jre\classes"/>
    <property name="java.vendor" value="Oracle Corporation"/>
    <property name="maven.home" value="C:\Program Files\NetBeans 8.2\java\maven"/>
    <property name="file.separator" value="\"/>
    <property name="java.vendor.url.bug" value="http://bugreport.sun.com/bugreport/"/>
    <property name="sun.cpu.endian" value="little"/>
    <property name="sun.io.unicode.encoding" value="UnicodeLittle"/>
    <property name="sun.desktop" value="windows"/>
    <property name="sun.cpu.isalist" value="amd64"/>
  </properties>
  <testcase classname="com.mycompany.bookrental.BookManagerImplTest" name="updateBookWithZeroPages" time="1.32"/>
  <testcase classname="com.mycompany.bookrental.BookManagerImplTest" name="createBookWithExistingId" time="0.075"/>
  <testcase classname="com.mycompany.bookrental.BookManagerImplTest" name="updateAuthor" time="0.271"/>
  <testcase classname="com.mycompany.bookrental.BookManagerImplTest" name="createBookWithLessThanZeroPages" time="0.059"/>
  <testcase classname="com.mycompany.bookrental.BookManagerImplTest" name="updateBookWithZeroCopies" time="0.059"/>
  <testcase classname="com.mycompany.bookrental.BookManagerImplTest" name="addBook" time="0.066"/>
  <testcase classname="com.mycompany.bookrental.BookManagerImplTest" name="updateNullBook" time="0.046"/>
  <testcase classname="com.mycompany.bookrental.BookManagerImplTest" name="createBookWithNullName" time="0.042"/>
  <testcase classname="com.mycompany.bookrental.BookManagerImplTest" name="createNullBook" time="0.051"/>
  <testcase classname="com.mycompany.bookrental.BookManagerImplTest" name="createBookWithNullAuthor" time="0.044"/>
  <testcase classname="com.mycompany.bookrental.BookManagerImplTest" name="getAllBooksWithSqlExceptionThrown" time="0.233"/>
  <testcase classname="com.mycompany.bookrental.BookManagerImplTest" name="updatePages" time="0.074"/>
  <testcase classname="com.mycompany.bookrental.BookManagerImplTest" name="createBookWithLessThanZeroCopies" time="0.037"/>
  <testcase classname="com.mycompany.bookrental.BookManagerImplTest" name="getBookWithSqlExceptionThrown" time="0.064"/>
  <testcase classname="com.mycompany.bookrental.BookManagerImplTest" name="createBookWithSqlExceptionThrown" time="0.089"/>
  <testcase classname="com.mycompany.bookrental.BookManagerImplTest" name="updateBookWithNullId" time="0.037"/>
  <testcase classname="com.mycompany.bookrental.BookManagerImplTest" name="createBookWithZeroCopies" time="0.041"/>
  <testcase classname="com.mycompany.bookrental.BookManagerImplTest" name="deleteNullBook" time="0.041"/>
  <testcase classname="com.mycompany.bookrental.BookManagerImplTest" name="deleteBookWithSqlExceptionThrown" time="0.048"/>
  <testcase classname="com.mycompany.bookrental.BookManagerImplTest" name="deleteNonExistingBook" time="0.101"/>
  <testcase classname="com.mycompany.bookrental.BookManagerImplTest" name="updateBookWithNullName" time="0.034"/>
  <testcase classname="com.mycompany.bookrental.BookManagerImplTest" name="updateBookWithSqlExceptionThrown" time="0.059"/>
  <testcase classname="com.mycompany.bookrental.BookManagerImplTest" name="createBookWithZeroPages" time="0.041"/>
  <testcase classname="com.mycompany.bookrental.BookManagerImplTest" name="deleteBook" time="0.075"/>
  <testcase classname="com.mycompany.bookrental.BookManagerImplTest" name="findAllBooks" time="0.138"/>
  <testcase classname="com.mycompany.bookrental.BookManagerImplTest" name="updateNonExistingBook" time="0.044"/>
</testsuite>